<?xml version="1.0" encoding="UTF-8"?>
<!-- Generated by org.testng.reporters.JUnitXMLReporter -->
<testsuite ignored="0" hostname="LAPTOP-KN53N3HM" failures="1" tests="1" name="Test" time="11.698" errors="0" timestamp="2022-08-05T21:24:47 IST">
  <testcase classname="com.Test.Test_1" name="verifyTC_001" time="0.043">
    <failure type="java.lang.NullPointerException" message="Cannot invoke &amp;quot;org.apache.poi.xssf.usermodel.XSSFWorkbook.getSheet(String)&amp;quot; because &amp;quot;this.wb&amp;quot; is null">
      <![CDATA[java.lang.NullPointerException: Cannot invoke "org.apache.poi.xssf.usermodel.XSSFWorkbook.getSheet(String)" because "this.wb" is null
at Utility.ExcelDataProvider.getStringdata(ExcelDataProvider.java:21)
at com.Test.Test_1.verifyTC_001(Test_1.java:18)
at java.base/java.util.ArrayList.forEach(ArrayList.java:1511)
... Removed 25 stack frames]]>
    </failure>
  </testcase> <!-- verifyTC_001 -->
</testsuite> <!-- Test -->
